2021-01-05 11:33:48,986 | training_logger | INFO | input named '201_sample_videos/olash3h003_testtype-norma-height-240-up-001-down-003.avi' is chosen  |
2021-01-05 11:33:49,049 | training_logger | INFO | lhello.[[[187 207 209]
  [185 205 207]
  [184 204 206]
  ...
  [ 57  49 106]
  [ 58  49 122]
  [ 61  52 125]]

 [[185 205 207]
  [185 205 207]
  [184 204 206]
  ...
  [ 57  49 106]
  [ 58  49 122]
  [ 61  52 125]]

 [[184 204 206]
  [184 204 206]
  [184 204 206]
  ...
  [ 57  49 106]
  [ 58  49 122]
  [ 61  52 125]]

 ...

 [[239 224 206]
  [239 224 206]
  [241 224 206]
  ...
  [149 123  98]
  [149 123  98]
  [148 122  97]]

 [[239 224 206]
  [239 224 206]
  [243 223 206]
  ...
  [151 122  98]
  [151 122  98]
  [150 121  97]]

 [[240 225 207]
  [240 225 207]
  [244 224 207]
  ...
  [151 122  98]
  [151 122  98]
  [150 121  97]]] False |
2021-01-05 11:33:49,512 | training_logger | INFO | lhello.[[[193 203 207]
  [192 202 206]
  [192 202 206]
  ...
  [ 57  49 106]
  [ 58  49 122]
  [ 61  52 125]]

 [[192 202 206]
  [192 202 206]
  [192 202 206]
  ...
  [ 57  49 106]
  [ 58  49 122]
  [ 61  52 125]]

 [[191 201 205]
  [191 201 205]
  [192 202 206]
  ...
  [ 57  49 106]
  [ 58  49 122]
  [ 61  52 125]]

 ...

 [[236 223 205]
  [236 223 205]
  [236 223 205]
  ...
  [151 125 100]
  [151 125 100]
  [149 123  98]]

 [[237 224 206]
  [237 224 206]
  [237 224 206]
  ...
  [153 124 100]
  [153 124 100]
  [151 122  98]]

 [[237 224 206]
  [237 224 206]
  [237 224 206]
  ...
  [153 124 100]
  [153 124 100]
  [151 122  98]]] False |
2021-01-05 11:33:49,586 | training_logger | INFO | lhello.[[[185 202 206]
  [185 202 206]
  [186 203 207]
  ...
  [ 57  49 106]
  [ 58  49 122]
  [ 61  52 125]]

 [[184 201 205]
  [185 202 206]
  [185 202 206]
  ...
  [ 57  49 106]
  [ 58  49 122]
  [ 61  52 125]]

 [[183 200 204]
  [183 200 204]
  [185 202 206]
  ...
  [ 57  49 106]
  [ 58  49 122]
  [ 61  52 125]]

 ...

 [[240 223 205]
  [240 223 205]
  [240 223 205]
  ...
  [149 122  99]
  [153 121  99]
  [152 120  98]]

 [[241 224 206]
  [241 224 206]
  [241 224 206]
  ...
  [151 121  99]
  [153 121  99]
  [152 120  98]]

 [[242 225 207]
  [242 225 207]
  [242 225 207]
  ...
  [151 121  99]
  [153 121  99]
  [152 120  98]]] False |
2021-01-05 11:33:49,670 | training_logger | INFO | lhello.[[[187 204 208]
  [187 204 208]
  [187 204 208]
  ...
  [ 53  47  99]
  [ 56  49 117]
  [ 63  56 124]]

 [[186 203 207]
  [187 204 208]
  [187 204 208]
  ...
  [ 53  47  99]
  [ 56  49 117]
  [ 63  56 124]]

 [[185 202 206]
  [185 202 206]
  [186 203 207]
  ...
  [ 54  48 100]
  [ 56  49 117]
  [ 61  54 122]]

 ...

 [[236 223 205]
  [236 223 205]
  [236 223 205]
  ...
  [149 125 100]
  [149 125 100]
  [147 123  98]]

 [[237 224 206]
  [237 224 206]
  [237 224 206]
  ...
  [151 125 100]
  [151 125 100]
  [149 123  98]]

 [[238 225 207]
  [238 225 207]
  [238 225 207]
  ...
  [151 125 100]
  [151 125 100]
  [149 123  98]]] False |
2021-01-05 11:33:49,757 | training_logger | INFO | lhello.[[[190 207 211]
  [189 206 210]
  [189 206 210]
  ...
  [ 46  39  93]
  [ 54  41 112]
  [ 65  52 123]]

 [[189 206 210]
  [189 206 210]
  [189 206 210]
  ...
  [ 47  40  94]
  [ 55  42 113]
  [ 65  52 123]]

 [[186 203 207]
  [186 203 207]
  [187 204 208]
  ...
  [ 48  41  95]
  [ 56  43 114]
  [ 64  51 122]]

 ...

 [[237 224 206]
  [236 223 205]
  [234 221 203]
  ...
  [151 125 100]
  [153 124 100]
  [151 122  98]]

 [[236 226 207]
  [235 225 206]
  [236 223 205]
  ...
  [151 125 100]
  [153 124 100]
  [151 122  98]]

 [[237 227 208]
  [237 227 208]
  [238 225 207]
  ...
  [151 125 100]
  [153 124 100]
  [151 122  98]]] False |
2021-01-05 11:33:49,816 | training_logger | INFO | lhello.[[[189 205 212]
  [189 205 212]
  [189 205 212]
  ...
  [ 44  38  96]
  [ 49  41 111]
  [ 56  48 118]]

 [[189 205 212]
  [189 205 212]
  [189 205 212]
  ...
  [ 45  39  97]
  [ 49  41 111]
  [ 56  48 118]]

 [[187 203 210]
  [187 203 210]
  [189 205 212]
  ...
  [ 48  39  98]
  [ 52  42 112]
  [ 58  48 118]]

 ...

 [[234 221 203]
  [234 221 203]
  [234 221 203]
  ...
  [145 121 101]
  [149 121 101]
  [148 120 100]]

 [[236 223 205]
  [236 223 205]
  [236 223 205]
  ...
  [145 121 101]
  [147 121 101]
  [146 120 100]]

 [[236 223 205]
  [236 223 205]
  [236 223 205]
  ...
  [145 121 101]
  [147 121 101]
  [146 120 100]]] False |
2021-01-05 11:33:49,884 | training_logger | INFO | lhello.[[[187 201 206]
  [187 201 206]
  [188 202 207]
  ...
  [ 37  39  87]
  [ 38  38 105]
  [ 46  46 113]]

 [[187 201 206]
  [187 201 206]
  [188 202 207]
  ...
  [ 37  39  87]
  [ 38  38 105]
  [ 46  46 113]]

 [[187 201 206]
  [187 201 206]
  [188 202 207]
  ...
  [ 40  39  88]
  [ 42  40 107]
  [ 48  46 113]]

 ...

 [[233 220 202]
  [233 220 202]
  [235 220 202]
  ...
  [152 121  97]
  [156 120  97]
  [155 119  96]]

 [[234 221 203]
  [234 221 203]
  [235 220 202]
  ...
  [150 121  97]
  [154 120  97]
  [153 119  96]]

 [[236 223 205]
  [234 221 203]
  [236 221 203]
  ...
  [150 121  97]
  [154 120  97]
  [153 119  96]]] False |
2021-01-05 11:33:49,959 | training_logger | INFO | matched person to cluster: Person ID: 0 | cluster_id 000006-0000000002 | frame_count 6 | P(x/y): (105 / 11) | thrust_absolute: 0 | thrust_binary 0 | age -1   |
2021-01-05 11:33:49,979 | training_logger | INFO | lhello.[[[ 98  91 138]
  [ 88  81 128]
  [ 79  69 126]
  ...
  [ 33  37  85]
  [ 34  37 103]
  [ 42  45 111]]

 [[105  98 145]
  [ 94  87 134]
  [ 84  74 131]
  ...
  [ 33  37  85]
  [ 34  37 103]
  [ 42  45 111]]

 [[112 113 150]
  [ 94  95 132]
  [ 86  82 127]
  ...
  [ 36  38  86]
  [ 38  38 105]
  [ 44  44 111]]

 ...

 [[227 219 200]
  [226 218 199]
  [226 218 199]
  ...
  [144 121  98]
  [147 125 100]
  [145 123  98]]

 [[225 217 198]
  [225 217 198]
  [226 218 199]
  ...
  [144 121  98]
  [148 126 101]
  [147 125 100]]

 [[222 214 195]
  [223 215 196]
  [226 218 199]
  ...
  [144 121  98]
  [148 126 101]
  [147 125 100]]] False |
2021-01-05 11:33:50,050 | training_logger | INFO | matched person to cluster: Person ID: 0 | cluster_id 000007-0000000001 | frame_count 7 | P(x/y): (144 / 72) | thrust_absolute: 61 | thrust_binary 1 | age -5   |
2021-01-05 11:33:50,070 | training_logger | INFO | lhello.[[[167 184 209]
  [165 182 207]
  [140 155 185]
  ...
  [ 39  38  87]
  [ 44  37 105]
  [ 52  45 113]]

 [[167 184 209]
  [166 183 208]
  [144 159 189]
  ...
  [ 39  38  87]
  [ 44  37 105]
  [ 52  45 113]]

 [[167 184 209]
  [166 183 208]
  [155 170 200]
  ...
  [ 42  39  88]
  [ 48  39 107]
  [ 54  45 113]]

 ...

 [[226 218 199]
  [226 218 199]
  [226 218 199]
  ...
  [148 121  98]
  [149 119  97]
  [148 118  96]]

 [[226 218 199]
  [226 218 199]
  [226 218 199]
  ...
  [148 121  98]
  [150 120  98]
  [149 119  97]]

 [[226 218 199]
  [226 218 199]
  [226 218 199]
  ...
  [148 121  98]
  [150 120  98]
  [149 119  97]]] False |
2021-01-05 11:33:50,148 | training_logger | INFO | matched person to cluster: Person ID: 0 | cluster_id 0 | frame_count 8 | P(x/y): (177 / 58) | thrust_absolute: 47 | thrust_binary 0 | age -9   |
2021-01-05 11:33:50,171 | training_logger | INFO | lhello.[[[187 207 214]
  [187 207 214]
  [188 206 213]
  ...
  [ 33  37  85]
  [ 36  36 103]
  [ 44  44 111]]

 [[185 205 212]
  [186 206 213]
  [187 205 212]
  ...
  [ 33  37  85]
  [ 36  36 103]
  [ 44  44 111]]

 [[182 202 209]
  [183 203 210]
  [183 201 208]
  ...
  [ 36  38  86]
  [ 40  38 105]
  [ 46  44 111]]

 ...

 [[224 217 202]
  [224 217 202]
  [223 216 201]
  ...
  [146 120 100]
  [147 119  99]
  [147 119  99]]

 [[224 219 204]
  [224 219 204]
  [223 218 203]
  ...
  [147 121 101]
  [149 121 101]
  [148 120 100]]

 [[225 220 205]
  [225 220 205]
  [224 219 204]
  ...
  [147 121 101]
  [149 121 101]
  [149 121 101]]] False |
2021-01-05 11:33:50,254 | training_logger | INFO | matched person to cluster: Person ID: 0 | cluster_id 0 | frame_count 9 | P(x/y): (213 / 76) | thrust_absolute: 65 | thrust_binary 1 | age -12   |
2021-01-05 11:33:50,274 | training_logger | INFO | lhello.[[[191 208 219]
  [190 207 218]
  [188 205 216]
  ...
  [ 33  39  87]
  [ 36  39 105]
  [ 44  47 113]]

 [[191 208 219]
  [190 207 218]
  [189 206 217]
  ...
  [ 33  39  87]
  [ 36  39 105]
  [ 44  47 113]]

 [[189 206 217]
  [189 206 217]
  [188 205 216]
  ...
  [ 36  40  88]
  [ 40  40 107]
  [ 46  46 113]]

 ...

 [[220 221 203]
  [220 221 203]
  [220 221 203]
  ...
  [143 119  99]
  [145 119  99]
  [145 119  99]]

 [[220 221 203]
  [220 221 203]
  [220 221 203]
  ...
  [145 121 101]
  [147 121 101]
  [147 121 101]]

 [[221 222 204]
  [221 222 204]
  [221 222 204]
  ...
  [147 123 103]
  [149 123 103]
  [150 124 104]]] False |
2021-01-05 11:33:50,363 | training_logger | INFO | matched person to cluster: Person ID: 0 | cluster_id 0 | frame_count 10 | P(x/y): (150 / 89) | thrust_absolute: 78 | thrust_binary 2 | age -12   |
2021-01-05 11:33:50,363 | training_logger | INFO | matched person to cluster: Person ID: 1 | cluster_id 1 | frame_count 10 | P(x/y): (375 / 113) | thrust_absolute: 0 | thrust_binary 0 | age 0   |
2021-01-05 11:33:50,382 | training_logger | INFO | lhello.[[[193 222 231]
  [192 221 230]
  [189 218 227]
  ...
  [ 39  43  91]
  [ 45  43 110]
  [ 53  51 118]]

 [[189 218 227]
  [189 218 227]
  [189 218 227]
  ...
  [ 39  43  91]
  [ 45  43 110]
  [ 53  51 118]]

 [[189 216 225]
  [190 217 226]
  [191 218 227]
  ...
  [ 42  44  92]
  [ 49  45 112]
  [ 55  51 118]]

 ...

 [[235 230 210]
  [235 230 210]
  [237 229 210]
  ...
  [147 121 101]
  [149 121 101]
  [149 121 101]]

 [[233 230 210]
  [233 230 210]
  [235 230 210]
  ...
  [149 123 103]
  [149 121 101]
  [149 121 101]]

 [[233 230 210]
  [233 230 210]
  [235 230 210]
  ...
  [149 123 103]
  [149 121 101]
  [149 121 101]]] False |
2021-01-05 11:33:50,470 | training_logger | INFO | matched person to cluster: Person ID: 0 | cluster_id 0 | frame_count 11 | P(x/y): (158 / 165) | thrust_absolute: 154 | thrust_binary 3 | age -15   |
2021-01-05 11:33:50,470 | training_logger | INFO | matched person to cluster: Person ID: 1 | cluster_id 1 | frame_count 11 | P(x/y): (401 / 60) | thrust_absolute: -53 | thrust_binary -1 | age -4   |
2021-01-05 11:33:50,488 | training_logger | INFO | lhello.[[[197 221 231]
  [196 220 230]
  [193 217 227]
  ...
  [ 39  38  87]
  [ 44  37 105]
  [ 52  45 113]]

 [[193 217 227]
  [193 217 227]
  [193 217 227]
  ...
  [ 39  38  87]
  [ 44  37 105]
  [ 52  45 113]]

 [[191 215 225]
  [192 216 226]
  [193 217 227]
  ...
  [ 42  39  88]
  [ 48  39 107]
  [ 54  45 113]]

 ...

 [[239 228 212]
  [239 228 212]
  [239 228 212]
  ...
  [146 121  98]
  [148 121  98]
  [147 120  97]]

 [[241 230 214]
  [241 230 214]
  [241 230 214]
  ...
  [146 121  98]
  [148 121  98]
  [147 120  97]]

 [[241 230 214]
  [241 230 214]
  [241 230 214]
  ...
  [146 121  98]
  [147 120  97]
  [146 119  96]]] False |
2021-01-05 11:33:50,621 | training_logger | INFO | matched person to cluster: Person ID: 0 | cluster_id 1 | frame_count 12 | P(x/y): (160 / 205) | thrust_absolute: 194 | thrust_binary 4 | age -18   |
2021-01-05 11:33:50,630 | training_logger | INFO | ID: 0 crossed going down at Tue Jan  5 11:33:50 2021  |
2021-01-05 11:33:50,650 | training_logger | INFO | lhello.[[[203 220 231]
  [202 219 230]
  [199 218 229]
  ...
  [ 45  47  95]
  [ 48  46 113]
  [ 57  55 122]]

 [[202 219 230]
  [201 218 229]
  [197 216 227]
  ...
  [ 44  46  94]
  [ 48  46 113]
  [ 57  55 122]]

 [[198 215 226]
  [199 216 227]
  [197 216 227]
  ...
  [ 45  47  95]
  [ 51  47 114]
  [ 58  54 121]]

 ...

 [[231 216 198]
  [228 213 195]
  [226 211 193]
  ...
  [150 121  97]
  [151 120  96]
  [151 120  96]]

 [[231 216 198]
  [228 213 195]
  [226 211 193]
  ...
  [150 121  97]
  [152 121  97]
  [151 120  96]]

 [[231 216 198]
  [228 213 195]
  [226 211 193]
  ...
  [150 121  97]
  [151 120  96]
  [151 120  96]]] False |
2021-01-05 11:33:50,760 | training_logger | INFO | matched person to cluster: Person ID: 0 | cluster_id 0 | frame_count 13 | P(x/y): (213 / 136) | thrust_absolute: -69 | thrust_binary -1 | age -21   |
2021-01-05 11:33:50,760 | training_logger | INFO | matched person to cluster: Person ID: 1 | cluster_id 1 | frame_count 13 | P(x/y): (432 / 99) | thrust_absolute: -14 | thrust_binary 0 | age -6   |
2021-01-05 11:33:50,779 | training_logger | INFO | lhello.[[[202 221 232]
  [201 220 231]
  [199 218 229]
  ...
  [ 43  47  95]
  [ 46  46 113]
  [ 55  55 122]]

 [[201 220 231]
  [200 219 230]
  [199 218 229]
  ...
  [ 42  46  94]
  [ 46  46 113]
  [ 55  55 122]]

 [[200 219 230]
  [200 219 230]
  [199 218 229]
  ...
  [ 43  47  95]
  [ 49  47 114]
  [ 56  54 121]]

 ...

 [[230 213 195]
  [230 213 195]
  [229 212 194]
  ...
  [149 121  94]
  [150 120  93]
  [150 120  93]]

 [[230 213 195]
  [230 213 195]
  [230 213 195]
  ...
  [149 121  94]
  [151 121  94]
  [151 121  94]]

 [[230 213 195]
  [230 213 195]
  [230 213 195]
  ...
  [150 122  95]
  [151 121  94]
  [151 121  94]]] False |
2021-01-05 11:36:00,091 | training_logger | INFO | input named '201_sample_videos/olash3h003_testtype-norma-height-240-up-001-down-003.avi' is chosen  |
2021-01-05 11:36:00,160 | training_logger | INFO | lhello.[[[187 207 209]
  [185 205 207]
  [184 204 206]
  ...
  [ 57  49 106]
  [ 58  49 122]
  [ 61  52 125]]

 [[185 205 207]
  [185 205 207]
  [184 204 206]
  ...
  [ 57  49 106]
  [ 58  49 122]
  [ 61  52 125]]

 [[184 204 206]
  [184 204 206]
  [184 204 206]
  ...
  [ 57  49 106]
  [ 58  49 122]
  [ 61  52 125]]

 ...

 [[239 224 206]
  [239 224 206]
  [241 224 206]
  ...
  [149 123  98]
  [149 123  98]
  [148 122  97]]

 [[239 224 206]
  [239 224 206]
  [243 223 206]
  ...
  [151 122  98]
  [151 122  98]
  [150 121  97]]

 [[240 225 207]
  [240 225 207]
  [244 224 207]
  ...
  [151 122  98]
  [151 122  98]
  [150 121  97]]] False |
2021-01-05 11:36:00,460 | training_logger | INFO | lhello.[[[193 203 207]
  [192 202 206]
  [192 202 206]
  ...
  [ 57  49 106]
  [ 58  49 122]
  [ 61  52 125]]

 [[192 202 206]
  [192 202 206]
  [192 202 206]
  ...
  [ 57  49 106]
  [ 58  49 122]
  [ 61  52 125]]

 [[191 201 205]
  [191 201 205]
  [192 202 206]
  ...
  [ 57  49 106]
  [ 58  49 122]
  [ 61  52 125]]

 ...

 [[236 223 205]
  [236 223 205]
  [236 223 205]
  ...
  [151 125 100]
  [151 125 100]
  [149 123  98]]

 [[237 224 206]
  [237 224 206]
  [237 224 206]
  ...
  [153 124 100]
  [153 124 100]
  [151 122  98]]

 [[237 224 206]
  [237 224 206]
  [237 224 206]
  ...
  [153 124 100]
  [153 124 100]
  [151 122  98]]] False |
2021-01-05 11:36:00,524 | training_logger | INFO | lhello.[[[185 202 206]
  [185 202 206]
  [186 203 207]
  ...
  [ 57  49 106]
  [ 58  49 122]
  [ 61  52 125]]

 [[184 201 205]
  [185 202 206]
  [185 202 206]
  ...
  [ 57  49 106]
  [ 58  49 122]
  [ 61  52 125]]

 [[183 200 204]
  [183 200 204]
  [185 202 206]
  ...
  [ 57  49 106]
  [ 58  49 122]
  [ 61  52 125]]

 ...

 [[240 223 205]
  [240 223 205]
  [240 223 205]
  ...
  [149 122  99]
  [153 121  99]
  [152 120  98]]

 [[241 224 206]
  [241 224 206]
  [241 224 206]
  ...
  [151 121  99]
  [153 121  99]
  [152 120  98]]

 [[242 225 207]
  [242 225 207]
  [242 225 207]
  ...
  [151 121  99]
  [153 121  99]
  [152 120  98]]] False |
2021-01-05 11:36:00,592 | training_logger | INFO | lhello.[[[187 204 208]
  [187 204 208]
  [187 204 208]
  ...
  [ 53  47  99]
  [ 56  49 117]
  [ 63  56 124]]

 [[186 203 207]
  [187 204 208]
  [187 204 208]
  ...
  [ 53  47  99]
  [ 56  49 117]
  [ 63  56 124]]

 [[185 202 206]
  [185 202 206]
  [186 203 207]
  ...
  [ 54  48 100]
  [ 56  49 117]
  [ 61  54 122]]

 ...

 [[236 223 205]
  [236 223 205]
  [236 223 205]
  ...
  [149 125 100]
  [149 125 100]
  [147 123  98]]

 [[237 224 206]
  [237 224 206]
  [237 224 206]
  ...
  [151 125 100]
  [151 125 100]
  [149 123  98]]

 [[238 225 207]
  [238 225 207]
  [238 225 207]
  ...
  [151 125 100]
  [151 125 100]
  [149 123  98]]] False |
2021-01-05 11:36:00,686 | training_logger | INFO | lhello.[[[190 207 211]
  [189 206 210]
  [189 206 210]
  ...
  [ 46  39  93]
  [ 54  41 112]
  [ 65  52 123]]

 [[189 206 210]
  [189 206 210]
  [189 206 210]
  ...
  [ 47  40  94]
  [ 55  42 113]
  [ 65  52 123]]

 [[186 203 207]
  [186 203 207]
  [187 204 208]
  ...
  [ 48  41  95]
  [ 56  43 114]
  [ 64  51 122]]

 ...

 [[237 224 206]
  [236 223 205]
  [234 221 203]
  ...
  [151 125 100]
  [153 124 100]
  [151 122  98]]

 [[236 226 207]
  [235 225 206]
  [236 223 205]
  ...
  [151 125 100]
  [153 124 100]
  [151 122  98]]

 [[237 227 208]
  [237 227 208]
  [238 225 207]
  ...
  [151 125 100]
  [153 124 100]
  [151 122  98]]] False |
2021-01-05 11:36:00,757 | training_logger | INFO | lhello.[[[189 205 212]
  [189 205 212]
  [189 205 212]
  ...
  [ 44  38  96]
  [ 49  41 111]
  [ 56  48 118]]

 [[189 205 212]
  [189 205 212]
  [189 205 212]
  ...
  [ 45  39  97]
  [ 49  41 111]
  [ 56  48 118]]

 [[187 203 210]
  [187 203 210]
  [189 205 212]
  ...
  [ 48  39  98]
  [ 52  42 112]
  [ 58  48 118]]

 ...

 [[234 221 203]
  [234 221 203]
  [234 221 203]
  ...
  [145 121 101]
  [149 121 101]
  [148 120 100]]

 [[236 223 205]
  [236 223 205]
  [236 223 205]
  ...
  [145 121 101]
  [147 121 101]
  [146 120 100]]

 [[236 223 205]
  [236 223 205]
  [236 223 205]
  ...
  [145 121 101]
  [147 121 101]
  [146 120 100]]] False |
2021-01-05 11:36:00,821 | training_logger | INFO | lhello.[[[187 201 206]
  [187 201 206]
  [188 202 207]
  ...
  [ 37  39  87]
  [ 38  38 105]
  [ 46  46 113]]

 [[187 201 206]
  [187 201 206]
  [188 202 207]
  ...
  [ 37  39  87]
  [ 38  38 105]
  [ 46  46 113]]

 [[187 201 206]
  [187 201 206]
  [188 202 207]
  ...
  [ 40  39  88]
  [ 42  40 107]
  [ 48  46 113]]

 ...

 [[233 220 202]
  [233 220 202]
  [235 220 202]
  ...
  [152 121  97]
  [156 120  97]
  [155 119  96]]

 [[234 221 203]
  [234 221 203]
  [235 220 202]
  ...
  [150 121  97]
  [154 120  97]
  [153 119  96]]

 [[236 223 205]
  [234 221 203]
  [236 221 203]
  ...
  [150 121  97]
  [154 120  97]
  [153 119  96]]] False |
2021-01-05 11:36:00,892 | training_logger | INFO | matched person to cluster: Person ID: 0 | cluster_id 000006-0000000002 | frame_count 6 | P(x/y): (105 / 11) | thrust_absolute: 0 | thrust_binary 0 | age -1   |
2021-01-05 11:36:00,911 | training_logger | INFO | lhello.[[[ 98  91 138]
  [ 88  81 128]
  [ 79  69 126]
  ...
  [ 33  37  85]
  [ 34  37 103]
  [ 42  45 111]]

 [[105  98 145]
  [ 94  87 134]
  [ 84  74 131]
  ...
  [ 33  37  85]
  [ 34  37 103]
  [ 42  45 111]]

 [[112 113 150]
  [ 94  95 132]
  [ 86  82 127]
  ...
  [ 36  38  86]
  [ 38  38 105]
  [ 44  44 111]]

 ...

 [[227 219 200]
  [226 218 199]
  [226 218 199]
  ...
  [144 121  98]
  [147 125 100]
  [145 123  98]]

 [[225 217 198]
  [225 217 198]
  [226 218 199]
  ...
  [144 121  98]
  [148 126 101]
  [147 125 100]]

 [[222 214 195]
  [223 215 196]
  [226 218 199]
  ...
  [144 121  98]
  [148 126 101]
  [147 125 100]]] False |
2021-01-05 11:36:00,977 | training_logger | INFO | matched person to cluster: Person ID: 0 | cluster_id 000007-0000000001 | frame_count 7 | P(x/y): (144 / 72) | thrust_absolute: 61 | thrust_binary 1 | age -5   |
2021-01-05 11:36:00,996 | training_logger | INFO | lhello.[[[167 184 209]
  [165 182 207]
  [140 155 185]
  ...
  [ 39  38  87]
  [ 44  37 105]
  [ 52  45 113]]

 [[167 184 209]
  [166 183 208]
  [144 159 189]
  ...
  [ 39  38  87]
  [ 44  37 105]
  [ 52  45 113]]

 [[167 184 209]
  [166 183 208]
  [155 170 200]
  ...
  [ 42  39  88]
  [ 48  39 107]
  [ 54  45 113]]

 ...

 [[226 218 199]
  [226 218 199]
  [226 218 199]
  ...
  [148 121  98]
  [149 119  97]
  [148 118  96]]

 [[226 218 199]
  [226 218 199]
  [226 218 199]
  ...
  [148 121  98]
  [150 120  98]
  [149 119  97]]

 [[226 218 199]
  [226 218 199]
  [226 218 199]
  ...
  [148 121  98]
  [150 120  98]
  [149 119  97]]] False |
2021-01-05 11:36:01,077 | training_logger | INFO | matched person to cluster: Person ID: 0 | cluster_id 0 | frame_count 8 | P(x/y): (177 / 58) | thrust_absolute: 47 | thrust_binary 0 | age -9   |
2021-01-05 11:36:01,096 | training_logger | INFO | lhello.[[[187 207 214]
  [187 207 214]
  [188 206 213]
  ...
  [ 33  37  85]
  [ 36  36 103]
  [ 44  44 111]]

 [[185 205 212]
  [186 206 213]
  [187 205 212]
  ...
  [ 33  37  85]
  [ 36  36 103]
  [ 44  44 111]]

 [[182 202 209]
  [183 203 210]
  [183 201 208]
  ...
  [ 36  38  86]
  [ 40  38 105]
  [ 46  44 111]]

 ...

 [[224 217 202]
  [224 217 202]
  [223 216 201]
  ...
  [146 120 100]
  [147 119  99]
  [147 119  99]]

 [[224 219 204]
  [224 219 204]
  [223 218 203]
  ...
  [147 121 101]
  [149 121 101]
  [148 120 100]]

 [[225 220 205]
  [225 220 205]
  [224 219 204]
  ...
  [147 121 101]
  [149 121 101]
  [149 121 101]]] False |
2021-01-05 11:36:01,176 | training_logger | INFO | matched person to cluster: Person ID: 0 | cluster_id 0 | frame_count 9 | P(x/y): (213 / 76) | thrust_absolute: 65 | thrust_binary 1 | age -12   |
2021-01-05 11:36:01,194 | training_logger | INFO | lhello.[[[191 208 219]
  [190 207 218]
  [188 205 216]
  ...
  [ 33  39  87]
  [ 36  39 105]
  [ 44  47 113]]

 [[191 208 219]
  [190 207 218]
  [189 206 217]
  ...
  [ 33  39  87]
  [ 36  39 105]
  [ 44  47 113]]

 [[189 206 217]
  [189 206 217]
  [188 205 216]
  ...
  [ 36  40  88]
  [ 40  40 107]
  [ 46  46 113]]

 ...

 [[220 221 203]
  [220 221 203]
  [220 221 203]
  ...
  [143 119  99]
  [145 119  99]
  [145 119  99]]

 [[220 221 203]
  [220 221 203]
  [220 221 203]
  ...
  [145 121 101]
  [147 121 101]
  [147 121 101]]

 [[221 222 204]
  [221 222 204]
  [221 222 204]
  ...
  [147 123 103]
  [149 123 103]
  [150 124 104]]] False |
2021-01-05 11:36:01,284 | training_logger | INFO | matched person to cluster: Person ID: 0 | cluster_id 0 | frame_count 10 | P(x/y): (150 / 89) | thrust_absolute: 78 | thrust_binary 2 | age -12   |
2021-01-05 11:36:01,284 | training_logger | INFO | matched person to cluster: Person ID: 1 | cluster_id 1 | frame_count 10 | P(x/y): (375 / 113) | thrust_absolute: 0 | thrust_binary 0 | age 0   |
2021-01-05 11:36:01,302 | training_logger | INFO | lhello.[[[193 222 231]
  [192 221 230]
  [189 218 227]
  ...
  [ 39  43  91]
  [ 45  43 110]
  [ 53  51 118]]

 [[189 218 227]
  [189 218 227]
  [189 218 227]
  ...
  [ 39  43  91]
  [ 45  43 110]
  [ 53  51 118]]

 [[189 216 225]
  [190 217 226]
  [191 218 227]
  ...
  [ 42  44  92]
  [ 49  45 112]
  [ 55  51 118]]

 ...

 [[235 230 210]
  [235 230 210]
  [237 229 210]
  ...
  [147 121 101]
  [149 121 101]
  [149 121 101]]

 [[233 230 210]
  [233 230 210]
  [235 230 210]
  ...
  [149 123 103]
  [149 121 101]
  [149 121 101]]

 [[233 230 210]
  [233 230 210]
  [235 230 210]
  ...
  [149 123 103]
  [149 121 101]
  [149 121 101]]] False |
2021-01-05 11:36:01,386 | training_logger | INFO | matched person to cluster: Person ID: 0 | cluster_id 0 | frame_count 11 | P(x/y): (158 / 165) | thrust_absolute: 154 | thrust_binary 3 | age -15   |
2021-01-05 11:36:01,387 | training_logger | INFO | matched person to cluster: Person ID: 1 | cluster_id 1 | frame_count 11 | P(x/y): (401 / 60) | thrust_absolute: -53 | thrust_binary -1 | age -4   |
2021-01-05 11:36:01,406 | training_logger | INFO | lhello.[[[197 221 231]
  [196 220 230]
  [193 217 227]
  ...
  [ 39  38  87]
  [ 44  37 105]
  [ 52  45 113]]

 [[193 217 227]
  [193 217 227]
  [193 217 227]
  ...
  [ 39  38  87]
  [ 44  37 105]
  [ 52  45 113]]

 [[191 215 225]
  [192 216 226]
  [193 217 227]
  ...
  [ 42  39  88]
  [ 48  39 107]
  [ 54  45 113]]

 ...

 [[239 228 212]
  [239 228 212]
  [239 228 212]
  ...
  [146 121  98]
  [148 121  98]
  [147 120  97]]

 [[241 230 214]
  [241 230 214]
  [241 230 214]
  ...
  [146 121  98]
  [148 121  98]
  [147 120  97]]

 [[241 230 214]
  [241 230 214]
  [241 230 214]
  ...
  [146 121  98]
  [147 120  97]
  [146 119  96]]] False |
2021-01-05 11:36:01,514 | training_logger | INFO | matched person to cluster: Person ID: 0 | cluster_id 1 | frame_count 12 | P(x/y): (160 / 205) | thrust_absolute: 194 | thrust_binary 4 | age -18   |
2021-01-05 11:36:01,521 | training_logger | INFO | ID: 0 crossed going down at Tue Jan  5 11:36:01 2021  |
2021-01-05 11:36:01,539 | training_logger | INFO | lhello.[[[203 220 231]
  [202 219 230]
  [199 218 229]
  ...
  [ 45  47  95]
  [ 48  46 113]
  [ 57  55 122]]

 [[202 219 230]
  [201 218 229]
  [197 216 227]
  ...
  [ 44  46  94]
  [ 48  46 113]
  [ 57  55 122]]

 [[198 215 226]
  [199 216 227]
  [197 216 227]
  ...
  [ 45  47  95]
  [ 51  47 114]
  [ 58  54 121]]

 ...

 [[231 216 198]
  [228 213 195]
  [226 211 193]
  ...
  [150 121  97]
  [151 120  96]
  [151 120  96]]

 [[231 216 198]
  [228 213 195]
  [226 211 193]
  ...
  [150 121  97]
  [152 121  97]
  [151 120  96]]

 [[231 216 198]
  [228 213 195]
  [226 211 193]
  ...
  [150 121  97]
  [151 120  96]
  [151 120  96]]] False |
2021-01-05 11:36:01,644 | training_logger | INFO | matched person to cluster: Person ID: 0 | cluster_id 0 | frame_count 13 | P(x/y): (213 / 136) | thrust_absolute: -69 | thrust_binary -1 | age -21   |
2021-01-05 11:36:01,645 | training_logger | INFO | matched person to cluster: Person ID: 1 | cluster_id 1 | frame_count 13 | P(x/y): (432 / 99) | thrust_absolute: -14 | thrust_binary 0 | age -6   |
2021-01-05 11:36:01,663 | training_logger | INFO | lhello.[[[202 221 232]
  [201 220 231]
  [199 218 229]
  ...
  [ 43  47  95]
  [ 46  46 113]
  [ 55  55 122]]

 [[201 220 231]
  [200 219 230]
  [199 218 229]
  ...
  [ 42  46  94]
  [ 46  46 113]
  [ 55  55 122]]

 [[200 219 230]
  [200 219 230]
  [199 218 229]
  ...
  [ 43  47  95]
  [ 49  47 114]
  [ 56  54 121]]

 ...

 [[230 213 195]
  [230 213 195]
  [229 212 194]
  ...
  [149 121  94]
  [150 120  93]
  [150 120  93]]

 [[230 213 195]
  [230 213 195]
  [230 213 195]
  ...
  [149 121  94]
  [151 121  94]
  [151 121  94]]

 [[230 213 195]
  [230 213 195]
  [230 213 195]
  ...
  [150 122  95]
  [151 121  94]
  [151 121  94]]] False |
2021-01-05 11:36:01,741 | training_logger | INFO | matched person to cluster: Person ID: 0 | cluster_id 0 | frame_count 14 | P(x/y): (222 / 245) | thrust_absolute: 1 | thrust_binary 0 | age -24   |
2021-01-05 11:36:01,759 | training_logger | INFO | lhello.[[[204 221 232]
  [203 220 231]
  [201 218 229]
  ...
  [ 46  45  94]
  [ 49  45 112]
  [ 58  54 121]]

 [[203 220 231]
  [202 219 230]
  [201 218 229]
  ...
  [ 45  44  93]
  [ 49  45 112]
  [ 58  54 121]]

 [[202 219 230]
  [202 219 230]
  [201 218 229]
  ...
  [ 46  45  94]
  [ 50  46 113]
  [ 57  53 120]]

 ...

 [[221 211 192]
  [221 211 192]
  [220 210 191]
  ...
  [146 120  95]
  [147 118  94]
  [147 118  94]]

 [[221 211 192]
  [221 211 192]
  [220 210 191]
  ...
  [147 121  96]
  [148 119  95]
  [149 120  96]]

 [[221 211 192]
  [221 211 192]
  [220 210 191]
  ...
  [148 122  97]
  [149 120  96]
  [149 120  96]]] False |
2021-01-05 11:36:51,827 | training_logger | WARNING | Testing-Result: up target / up estimation: 1 / 1 , down target / down estimation : 3 / 3 |
2021-01-05 11:36:51,828 | training_logger | WARNING | PASSED: 1 | input: 201_sample_videos/olash3h003_testtype-norma-height-240-up-001-down-003.avi | assigned_parameter_space: olash |
2021-01-05 11:37:39,119 | training_logger | WARNING | Testing-Result: up target / up estimation: 1 / 1 , down target / down estimation : 3 / 3 |
2021-01-05 11:37:39,119 | training_logger | WARNING | PASSED: 1 | input: 201_sample_videos/olash3h003_testtype-norma-height-240-up-001-down-003.avi | assigned_parameter_space: olash |
2021-01-05 11:37:59,232 | training_logger | WARNING | Testing-Result: up target / up estimation: 1 / 1 , down target / down estimation : 3 / 3 |
2021-01-05 11:37:59,233 | training_logger | WARNING | PASSED: 1 | input: 201_sample_videos/olash3h003_testtype-norma-height-240-up-001-down-003.avi | assigned_parameter_space: olash |
2021-01-05 11:40:10,223 | training_logger | WARNING | Testing-Result: up target / up estimation: 2 / 2 , down target / down estimation : 0 / 0 |
2021-01-05 11:40:10,225 | training_logger | WARNING | PASSED: 1 | input: 201_sample_videos/olash3h045_testtype-norma-height-240-up-002-down-000.avi | assigned_parameter_space: olash |
2021-01-05 11:41:05,923 | training_logger | WARNING | Testing-Result: up target / up estimation: 3 / 3 , down target / down estimation : 1 / 1 |
2021-01-05 11:41:05,924 | training_logger | WARNING | PASSED: 1 | input: 201_sample_videos/olash3h046_testtype-uturn-height-240-up-003-down-001.avi | assigned_parameter_space: olash |
2021-01-05 11:43:30,785 | training_logger | WARNING | Testing-Result: up target / up estimation: 3 / 3 , down target / down estimation : 1 / 1 |
2021-01-05 11:43:30,792 | training_logger | WARNING | PASSED: 1 | input: 201_sample_videos/olash3h046_testtype-uturn-height-240-up-003-down-001.avi | assigned_parameter_space: olash |
